0 info it worked if it ends with ok
1 verbose cli [
1 verbose cli   '/home/student42/node_modules/node/bin/node',
1 verbose cli   '/home/student42/Desktop/learning/typescript/TS_Web_Framework_Application/node_modules/.bin/npm',
1 verbose cli   'install',
1 verbose cli   '--json',
1 verbose cli   '--save-dev',
1 verbose cli   'buffer@^5.5.0'
1 verbose cli ]
2 info using npm@3.10.10
3 info using node@v19.8.1
4 silly loadCurrentTree Starting
5 silly install loadCurrentTree
6 silly install readLocalPackageData
7 verbose stack TypeError: cb.apply is not a function
7 verbose stack     at /home/student42/Desktop/learning/typescript/TS_Web_Framework_Application/node_modules/npm/node_modules/graceful-fs/polyfills.js:267:18
7 verbose stack     at FSReqCallback.oncomplete (node:fs:196:5)
8 verbose cwd /home/student42/Desktop/learning/typescript/TS_Web_Framework_Application
9 error Linux 5.19.0-32-generic
10 error argv "/home/student42/node_modules/node/bin/node" "/home/student42/Desktop/learning/typescript/TS_Web_Framework_Application/node_modules/.bin/npm" "install" "--json" "--save-dev" "buffer@^5.5.0"
11 error node v19.8.1
12 error npm  v3.10.10
13 error cb.apply is not a function
14 error If you need help, you may report this error at:
14 error     <https://github.com/npm/npm/issues>
15 verbose exit [ 1, true ]
